[01:57:11] [main/WARN]: Ambiguity between arguments [teleport, destination] and [teleport, targets] with inputs: [Player, 0123, @e, dd12be42-52a9-4a91-a8a1-11c01849e498]
[01:57:11] [main/WARN]: Ambiguity between arguments [teleport, location] and [teleport, destination] with inputs: [0.1 -0.5 .9, 0 0 0]
[01:57:11] [main/WARN]: Ambiguity between arguments [teleport, location] and [teleport, targets] with inputs: [0.1 -0.5 .9, 0 0 0]
[01:57:11] [main/WARN]: Ambiguity between arguments [teleport, targets] and [teleport, destination] with inputs: [Player, 0123, dd12be42-52a9-4a91-a8a1-11c01849e498]
[01:57:11] [main/WARN]: Ambiguity between arguments [teleport, targets, location] and [teleport, targets, destination] with inputs: [0.1 -0.5 .9, 0 0 0]
[01:57:11] [main/INFO]: Loaded 0 recipes
[01:57:11] [main/INFO]: Loaded 0 advancements
[01:57:12] [Server thread/INFO]: Starting minecraft server version 1.13.2
[01:57:12] [Server thread/INFO]: Loading properties
[01:57:12] [Server thread/INFO]: Default game type: SURVIVAL
[01:57:12] [Server thread/INFO]: Generating keypair
[01:57:12] [Server thread/INFO]: Starting Minecraft server on *:25565
[01:57:12] [Server thread/INFO]: Using default channel type
[01:57:13] [Server thread/INFO]: Preparing level "world"
[01:57:13] [Server thread/INFO]: Reloading ResourceManager: Default, TreeCapitator v1.2.2.zip
[01:57:14] [Server thread/INFO]: Loaded 524 recipes
[01:57:15] [Server thread/INFO]: Loaded 20 custom command functions
[01:57:15] [Server thread/INFO]: Loaded 571 advancements
[01:57:15] [Server thread/INFO]: Preparing start region for dimension minecraft:overworld
[01:57:15] [Server thread/INFO]: Preparing spawn area: 4%
[01:57:15] [Server thread/INFO]: Preparing spawn area: 8%
[01:57:15] [Server thread/INFO]: Preparing spawn area: 12%
[01:57:15] [Server thread/INFO]: Preparing spawn area: 16%
[01:57:15] [Server thread/INFO]: Preparing spawn area: 20%
[01:57:15] [Server thread/INFO]: Preparing spawn area: 24%
[01:57:15] [Server thread/INFO]: Preparing spawn area: 28%
[01:57:16] [Server thread/INFO]: Preparing spawn area: 32%
[01:57:16] [Server thread/INFO]: Preparing spawn area: 36%
[01:57:16] [Server thread/INFO]: Preparing spawn area: 40%
[01:57:16] [Server thread/INFO]: Preparing spawn area: 44%
[01:57:16] [Server thread/INFO]: Preparing spawn area: 48%
[01:57:16] [Server thread/INFO]: Preparing spawn area: 52%
[01:57:16] [Server thread/INFO]: Preparing spawn area: 56%
[01:57:16] [Server thread/INFO]: Preparing spawn area: 60%
[01:57:16] [Server thread/INFO]: Preparing spawn area: 64%
[01:57:16] [Server thread/INFO]: Preparing spawn area: 68%
[01:57:16] [Server thread/INFO]: Preparing spawn area: 72%
[01:57:16] [Server thread/INFO]: Preparing spawn area: 76%
[01:57:16] [Server thread/INFO]: Preparing spawn area: 80%
[01:57:16] [Server thread/INFO]: Preparing spawn area: 84%
[01:57:16] [Server thread/INFO]: Preparing spawn area: 88%
[01:57:16] [Server thread/INFO]: Preparing spawn area: 92%
[01:57:16] [Server thread/INFO]: Preparing spawn area: 96%
[01:57:16] [Server thread/INFO]: Preparing spawn area: 100%
[01:57:16] [Server thread/INFO]: Time elapsed: 812 ms
[01:57:16] [Server thread/INFO]: Done (3.280s)! For help, type "help"
[01:57:31] [User Authenticator #1/INFO]: UUID of player CulPandakid is e8b4e16b-1e9c-4a3b-8e0a-67cf8e1d4fe1
[01:57:33] [Server thread/INFO]: CulPandakid[/68.100.24.30:50449] logged in with entity id 243 at (237.734622526137, 64.0, -216.9766197270224)
[01:57:33] [Server thread/INFO]: CulPandakid joined the game
[01:57:41] [User Authenticator #2/INFO]: UUID of player Viveechu is 13d6e196-6829-447d-9ae6-84558fa3198b
[01:57:41] [Server thread/INFO]: Viveechu[/69.249.77.173:53027] logged in with entity id 763 at (234.45073964312414, 65.7531999805212, -271.9433795764152)
[01:57:41] [Server thread/INFO]: Viveechu joined the game
[01:57:53] [Server thread/INFO]: /advancement (grant|revoke)
[01:57:53] [Server thread/INFO]: /ban <targets> [<reason>]
[01:57:53] [Server thread/INFO]: /ban-ip <target> [<reason>]
[01:57:53] [Server thread/INFO]: /banlist [ips|players]
[01:57:53] [Server thread/INFO]: /bossbar (add|get|list|remove|set)
[01:57:53] [Server thread/INFO]: /clear [<targets>]
[01:57:53] [Server thread/INFO]: /clone <begin> <end> <destination> [filtered|masked|replace]
[01:57:53] [Server thread/INFO]: /data (get|merge|remove)
[01:57:53] [Server thread/INFO]: /datapack (disable|enable|list)
[01:57:53] [Server thread/INFO]: /debug (start|stop)
[01:57:53] [Server thread/INFO]: /defaultgamemode (adventure|creative|spectator|survival)
[01:57:53] [Server thread/INFO]: /deop <targets>
[01:57:53] [Server thread/INFO]: /difficulty [easy|hard|normal|peaceful]
[01:57:53] [Server thread/INFO]: /effect (clear|give)
[01:57:53] [Server thread/INFO]: /enchant <targets> <enchantment> [<level>]
[01:57:53] [Server thread/INFO]: /execute (align|anchored|as|at|facing|if|in|positioned|rotated|run|store|unless)
[01:57:53] [Server thread/INFO]: /experience (add|query|set)
[01:57:53] [Server thread/INFO]: /fill <from> <to> <block> [destroy|hollow|keep|outline|replace]
[01:57:53] [Server thread/INFO]: /forceload (add|query|remove)
[01:57:53] [Server thread/INFO]: /function <name>
[01:57:53] [Server thread/INFO]: /gamemode (adventure|creative|spectator|survival)
[01:57:53] [Server thread/INFO]: /gamerule (announceAdvancements|commandBlockOutput|disableElytraMovementCheck|doDaylightCycle|doEntityDrops|doFireTick|doLimitedCrafting|doMobLoot|doMobSpawning|doTileDrops|doWeatherCycle|keepInventory|logAdminCommands|maxCommandChainLength|maxEntityCramming|mobGriefing|naturalRegeneration|randomTickSpeed|reducedDebugInfo|sendCommandFeedback|showDeathMessages|spawnRadius|spectatorsGenerateChunks)
[01:57:53] [Server thread/INFO]: /give <targets> <item> [<count>]
[01:57:53] [Server thread/INFO]: /help [<command>]
[01:57:53] [Server thread/INFO]: /kick <targets> [<reason>]
[01:57:53] [Server thread/INFO]: /kill <targets>
[01:57:53] [Server thread/INFO]: /list [uuids]
[01:57:53] [Server thread/INFO]: /locate (Buried_Treasure|Desert_Pyramid|EndCity|Fortress|Igloo|Jungle_Pyramid|Mansion|Mineshaft|Monument|Ocean_Ruin|Shipwreck|Stronghold|Swamp_Hut|Village)
[01:57:53] [Server thread/INFO]: /me <action>
[01:57:53] [Server thread/INFO]: /msg <targets> <message>
[01:57:53] [Server thread/INFO]: /op <targets>
[01:57:53] [Server thread/INFO]: /pardon <targets>
[01:57:53] [Server thread/INFO]: /pardon-ip <target>
[01:57:53] [Server thread/INFO]: /particle <name> [<pos>]
[01:57:53] [Server thread/INFO]: /playsound <sound> (ambient|block|hostile|master|music|neutral|player|record|voice|weather)
[01:57:53] [Server thread/INFO]: /recipe (give|take)
[01:57:53] [Server thread/INFO]: /reload
[01:57:53] [Server thread/INFO]: /replaceitem (block|entity)
[01:57:53] [Server thread/INFO]: /save-all [flush]
[01:57:53] [Server thread/INFO]: /save-off
[01:57:53] [Server thread/INFO]: /save-on
[01:57:53] [Server thread/INFO]: /say <message>
[01:57:53] [Server thread/INFO]: /scoreboard (objectives|players)
[01:57:53] [Server thread/INFO]: /seed
[01:57:53] [Server thread/INFO]: /setblock <pos> <block> [destroy|keep|replace]
[01:57:53] [Server thread/INFO]: /setidletimeout <minutes>
[01:57:53] [Server thread/INFO]: /setworldspawn [<pos>]
[01:57:53] [Server thread/INFO]: /spawnpoint [<targets>]
[01:57:53] [Server thread/INFO]: /spreadplayers <center> <spreadDistance> <maxRange> <respectTeams> <targets>
[01:57:53] [Server thread/INFO]: /stop
[01:57:53] [Server thread/INFO]: /stopsound <targets> [*|ambient|block|hostile|master|music|neutral|player|record|voice|weather]
[01:57:53] [Server thread/INFO]: /summon <entity> [<pos>]
[01:57:53] [Server thread/INFO]: /tag <targets> (add|list|remove)
[01:57:53] [Server thread/INFO]: /team (add|empty|join|leave|list|modify|remove)
[01:57:53] [Server thread/INFO]: /teleport (<destination>|<location>|<targets>)
[01:57:53] [Server thread/INFO]: /tell -> msg
[01:57:53] [Server thread/INFO]: /tellraw <targets> <message>
[01:57:53] [Server thread/INFO]: /time (add|query|set)
[01:57:53] [Server thread/INFO]: /title <targets> (actionbar|clear|reset|subtitle|times|title)
[01:57:53] [Server thread/INFO]: /tp -> teleport
[01:57:53] [Server thread/INFO]: /trigger <objective> [add|set]
[01:57:53] [Server thread/INFO]: /w -> msg
[01:57:53] [Server thread/INFO]: /weather (clear|rain|thunder)
[01:57:53] [Server thread/INFO]: /whitelist (add|list|off|on|reload|remove)
[01:57:53] [Server thread/INFO]: /worldborder (add|center|damage|get|set|warning)
[01:57:53] [Server thread/INFO]: /xp -> experience
[01:58:08] [Server thread/WARN]: Can't keep up! Is the server overloaded? Running 6898ms or 137 ticks behind
[01:59:41] [Server thread/WARN]: Can't keep up! Is the server overloaded? Running 2794ms or 55 ticks behind
[02:01:19] [Server thread/WARN]: Can't keep up! Is the server overloaded? Running 8025ms or 160 ticks behind
[02:02:11] [Server thread/WARN]: Can't keep up! Is the server overloaded? Running 7466ms or 149 ticks behind
[02:02:11] [Server thread/WARN]: CulPandakid moved too quickly! -1.7072353650042373,0.7967356006687112,9.840171690851264
[02:03:55] [Server thread/WARN]: Can't keep up! Is the server overloaded? Running 13497ms or 269 ticks behind
[02:13:35] [Server thread/INFO]: [CulPandakid: Disabled data pack [file/TreeCapitator v1.2.2.zip]]
[02:13:35] [Server thread/INFO]: Reloading ResourceManager: Default
[02:13:35] [Server thread/INFO]: Loaded 524 recipes
[02:13:36] [Server thread/INFO]: Loaded 571 advancements
[02:19:44] [Server thread/INFO]: [CulPandakid: Enabled data pack [file/TreeCapitator v1.2.2.zip]]
[02:19:44] [Server thread/INFO]: Reloading ResourceManager: Default, TreeCapitator v1.2.2.zip
[02:19:45] [Server thread/INFO]: Loaded 524 recipes
[02:19:45] [Server thread/INFO]: Loaded 20 custom command functions
[02:19:45] [Server thread/INFO]: Loaded 571 advancements
[02:20:42] [Server thread/INFO]: [CulPandakid: Disabled data pack [file/TreeCapitator v1.2.2.zip]]
[02:20:42] [Server thread/INFO]: Reloading ResourceManager: Default
[02:20:42] [Server thread/INFO]: Loaded 524 recipes
[02:20:43] [Server thread/INFO]: Loaded 571 advancements
[02:27:51] [Server thread/INFO]: [CulPandakid: Enabled data pack [file/TreeCapitator v1.2.2.zip]]
[02:27:51] [Server thread/INFO]: Reloading ResourceManager: Default, TreeCapitator v1.2.2.zip
[02:27:51] [Server thread/INFO]: Loaded 524 recipes
[02:27:52] [Server thread/INFO]: Loaded 20 custom command functions
[02:27:52] [Server thread/INFO]: Loaded 571 advancements
[02:39:05] [Server thread/INFO]: [CulPandakid: Set the weather to rain & thunder]
[02:41:26] [Server thread/INFO]: Viveechu lost connection: Disconnected
[02:41:26] [Server thread/INFO]: Viveechu left the game
[02:41:26] [Server thread/INFO]: CulPandakid lost connection: Disconnected
[02:41:26] [Server thread/INFO]: CulPandakid left the game
[02:41:42] [Server thread/INFO]: Stopping the server
[02:41:42] [Server thread/INFO]: Stopping server
[02:41:42] [Server thread/INFO]: Saving players
[02:41:42] [Server thread/INFO]: Saving worlds
[02:41:42] [Server thread/INFO]: Saving chunks for level 'world'/minecraft:the_end
[02:41:42] [Server thread/INFO]: Saving chunks for level 'world'/minecraft:the_nether
[02:41:42] [Server thread/INFO]: Saving chunks for level 'world'/minecraft:overworld
[02:41:42] [Server Shutdown Thread/INFO]: Stopping server
[02:41:42] [Server Shutdown Thread/INFO]: Saving players
